[debug] [2018-10-19T20:20:08.622Z] ----------------------------------------------------------------------
[debug] [2018-10-19T20:20:08.624Z] Command:       C:\Program Files\nodejs\node.exe C:\Users\swampc\AppData\Roaming\npm\node_modules\firebase-tools\bin\firebase init
[debug] [2018-10-19T20:20:08.624Z] CLI Version:   5.1.1
[debug] [2018-10-19T20:20:08.624Z] Platform:      win32
[debug] [2018-10-19T20:20:08.624Z] Node Version:  v8.11.4
[debug] [2018-10-19T20:20:08.625Z] Time:          Fri Oct 19 2018 13:20:08 GMT-0700 (Pacific Daylight Time)
[debug] [2018-10-19T20:20:08.625Z] ----------------------------------------------------------------------
[debug]
[debug] [2018-10-19T20:20:08.629Z] > command requires scopes: ["email","openid","https://www.googleapis.com/auth/cloudplatformprojects.readonly","https://www.googleapis.com/auth/firebase","https://www.googleapis.com/auth/cloud-platform"]
[debug] [2018-10-19T20:20:08.630Z] > authorizing via signed-in user
[info]
     ######## #### ########  ######## ########     ###     ######  ########
     ##        ##  ##     ## ##       ##     ##  ##   ##  ##       ##
     ######    ##  ########  ######   ########  #########  ######  ######
     ##        ##  ##    ##  ##       ##     ## ##     ##       ## ##
     ##       #### ##     ## ######## ########  ##     ##  ######  ########

You're about to initialize a Firebase project in this directory:

  X:\projects\mtg-test

[info]
=== Project Setup
[info]
[info] First, let's associate this project directory with a Firebase project.
[info] You can create multiple project aliases by running firebase use --add,
[info] but for now we'll just set up a default project.
[info]
[debug] [2018-10-19T20:20:27.059Z] > refreshing access token with scopes: ["email","https://www.googleapis.com/auth/cloud-platform","https://www.googleapis.com/auth/cloudplatformprojects.readonly","https://www.googleapis.com/auth/firebase","openid"]
[debug] [2018-10-19T20:20:27.059Z] >>> HTTP REQUEST POST https://www.googleapis.com/oauth2/v3/token
 <request body omitted>
[debug] [2018-10-19T20:20:27.235Z] <<< HTTP RESPONSE 200
[debug] [2018-10-19T20:20:27.246Z] >>> HTTP REQUEST GET https://firebase.googleapis.com/v1beta1/projects?page_size=100

[debug] [2018-10-19T20:20:27.677Z] <<< HTTP RESPONSE 200
[debug] [2018-10-19T20:20:37.077Z] ----------------------------------------------------------------------
[debug] [2018-10-19T20:20:37.079Z] Command:       C:\Program Files\nodejs\node.exe C:\Users\swampc\AppData\Roaming\npm\node_modules\firebase-tools\bin\firebase init
[debug] [2018-10-19T20:20:37.079Z] CLI Version:   5.1.1
[debug] [2018-10-19T20:20:37.079Z] Platform:      win32
[debug] [2018-10-19T20:20:37.079Z] Node Version:  v8.11.4
[debug] [2018-10-19T20:20:37.079Z] Time:          Fri Oct 19 2018 13:20:37 GMT-0700 (Pacific Daylight Time)
[debug] [2018-10-19T20:20:37.079Z] ----------------------------------------------------------------------
[debug]
[debug] [2018-10-19T20:20:37.084Z] > command requires scopes: ["email","openid","https://www.googleapis.com/auth/cloudplatformprojects.readonly","https://www.googleapis.com/auth/firebase","https://www.googleapis.com/auth/cloud-platform"]
[debug] [2018-10-19T20:20:37.084Z] > authorizing via signed-in user
[info]
     ######## #### ########  ######## ########     ###     ######  ########
     ##        ##  ##     ## ##       ##     ##  ##   ##  ##       ##
     ######    ##  ########  ######   ########  #########  ######  ######
     ##        ##  ##    ##  ##       ##     ## ##     ##       ## ##
     ##       #### ##     ## ######## ########  ##     ##  ######  ########

You're about to initialize a Firebase project in this directory:

  X:\projects\mtg-test

[info]
=== Project Setup
[info]
[info] First, let's associate this project directory with a Firebase project.
[info] You can create multiple project aliases by running firebase use --add,
[info] but for now we'll just set up a default project.
[info]
[debug] [2018-10-19T20:20:42.355Z] >>> HTTP REQUEST GET https://firebase.googleapis.com/v1beta1/projects?page_size=100

[debug] [2018-10-19T20:20:42.640Z] <<< HTTP RESPONSE 200
[debug] [2018-10-19T20:23:15.015Z] ----------------------------------------------------------------------
[debug] [2018-10-19T20:23:15.017Z] Command:       C:\Program Files\nodejs\node.exe C:\Users\swampc\AppData\Roaming\npm\node_modules\firebase-tools\bin\firebase init
[debug] [2018-10-19T20:23:15.017Z] CLI Version:   5.1.1
[debug] [2018-10-19T20:23:15.017Z] Platform:      win32
[debug] [2018-10-19T20:23:15.017Z] Node Version:  v8.11.4
[debug] [2018-10-19T20:23:15.018Z] Time:          Fri Oct 19 2018 13:23:15 GMT-0700 (Pacific Daylight Time)
[debug] [2018-10-19T20:23:15.018Z] ----------------------------------------------------------------------
[debug]
[debug] [2018-10-19T20:23:15.023Z] > command requires scopes: ["email","openid","https://www.googleapis.com/auth/cloudplatformprojects.readonly","https://www.googleapis.com/auth/firebase","https://www.googleapis.com/auth/cloud-platform"]
[debug] [2018-10-19T20:23:15.023Z] > authorizing via signed-in user
[info]
     ######## #### ########  ######## ########     ###     ######  ########
     ##        ##  ##     ## ##       ##     ##  ##   ##  ##       ##
     ######    ##  ########  ######   ########  #########  ######  ######
     ##        ##  ##    ##  ##       ##     ## ##     ##       ## ##
     ##       #### ##     ## ######## ########  ##     ##  ######  ########

You're about to initialize a Firebase project in this directory:

  x:\projects\mtg-test

[info]
=== Project Setup
[info]
[info] First, let's associate this project directory with a Firebase project.
[info] You can create multiple project aliases by running firebase use --add,
[info] but for now we'll just set up a default project.
[info]
[debug] [2018-10-19T20:23:20.900Z] >>> HTTP REQUEST GET https://firebase.googleapis.com/v1beta1/projects?page_size=100

[debug] [2018-10-19T20:23:21.554Z] <<< HTTP RESPONSE 200
[info] i  Using project mtg-test-29e1e (mtg-test)
[info]
=== Database Setup
[info]
[info] Firebase Realtime Database Rules allow you to define how your data should be
[info] structured and when your data can be read from and written to.
[info]
